0 info it worked if it ends with ok
1 verbose cli [ '/Users/patrickcremin/.nvm/versions/node/v4.0.0/bin/node',
1 verbose cli   '/Users/patrickcremin/.nvm/versions/node/v4.0.0/bin/npm',
1 verbose cli   'install',
1 verbose cli   '-g',
1 verbose cli   'ios-deploy' ]
2 info using npm@3.3.10
3 info using node@v4.0.0
4 silly loadCurrentTree Starting
5 silly install loadCurrentTree
6 silly install readGlobalPackageData
7 silly fetchPackageMetaData ios-deploy
8 silly fetchNamedPackageData ios-deploy
9 silly mapToRegistry name ios-deploy
10 silly mapToRegistry using default registry
11 silly mapToRegistry registry https://registry.npmjs.org/
12 silly mapToRegistry uri https://registry.npmjs.org/ios-deploy
13 verbose get https://registry.npmjs.org/ios-deploy not expired, no request
14 silly install normalizeTree
15 silly loadCurrentTree Finishing
16 silly loadIdealTree Starting
17 silly install loadIdealTree
18 silly cloneCurrentTree Starting
19 silly install cloneCurrentTreeToIdealTree
20 silly cloneCurrentTree Finishing
21 silly loadShrinkwrap Starting
22 silly install loadShrinkwrap
23 silly loadShrinkwrap Finishing
24 silly loadAllDepsIntoIdealTree Starting
25 silly install loadAllDepsIntoIdealTree
26 silly resolveWithNewModule ios-deploy@1.8.2 checking installable status
27 silly cache add args [ 'ios-deploy', null ]
28 verbose cache add spec ios-deploy
29 silly cache add parsed spec Result {
29 silly cache add   raw: 'ios-deploy',
29 silly cache add   scope: null,
29 silly cache add   name: 'ios-deploy',
29 silly cache add   rawSpec: '',
29 silly cache add   spec: '*',
29 silly cache add   type: 'range' }
30 silly addNamed ios-deploy@*
31 verbose addNamed "*" is a valid semver range for ios-deploy
32 silly addNameRange { name: 'ios-deploy', range: '*', hasData: false }
33 silly mapToRegistry name ios-deploy
34 silly mapToRegistry using default registry
35 silly mapToRegistry registry https://registry.npmjs.org/
36 silly mapToRegistry uri https://registry.npmjs.org/ios-deploy
37 verbose addNameRange registry:https://registry.npmjs.org/ios-deploy not in flight; fetching
38 verbose get https://registry.npmjs.org/ios-deploy not expired, no request
39 silly addNameRange number 2 { name: 'ios-deploy', range: '*', hasData: true }
40 silly addNameRange versions [ 'ios-deploy',
40 silly addNameRange   [ '1.0.1',
40 silly addNameRange     '1.0.2',
40 silly addNameRange     '1.0.3',
40 silly addNameRange     '1.0.4',
40 silly addNameRange     '1.0.5',
40 silly addNameRange     '1.0.6',
40 silly addNameRange     '1.0.7',
40 silly addNameRange     '1.0.8',
40 silly addNameRange     '1.0.9',
40 silly addNameRange     '1.1.0',
40 silly addNameRange     '1.2.0',
40 silly addNameRange     '1.3.0',
40 silly addNameRange     '1.3.1',
40 silly addNameRange     '1.3.2',
40 silly addNameRange     '1.4.0',
40 silly addNameRange     '1.5.0',
40 silly addNameRange     '1.6.0',
40 silly addNameRange     '1.6.1',
40 silly addNameRange     '1.6.2',
40 silly addNameRange     '1.6.3',
40 silly addNameRange     '1.7.0',
40 silly addNameRange     '1.8.0',
40 silly addNameRange     '1.8.1',
40 silly addNameRange     '1.8.2' ] ]
41 silly addNamed ios-deploy@1.8.2
42 verbose addNamed "1.8.2" is a plain semver version for ios-deploy
43 silly cache afterAdd ios-deploy@1.8.2
44 verbose afterAdd /Users/patrickcremin/.npm/ios-deploy/1.8.2/package/package.json not in flight; writing
45 verbose afterAdd /Users/patrickcremin/.npm/ios-deploy/1.8.2/package/package.json written
46 silly loadAllDepsIntoIdealTree Finishing
47 silly idealTree:prePrune lib
47 silly idealTree:prePrune └── ios-deploy@1.8.2
48 silly loadIdealTree Finishing
49 silly currentTree lib
50 silly idealTree lib
50 silly idealTree └── ios-deploy@1.8.2
51 silly generateActionsToTake Starting
52 silly install generateActionsToTake
53 silly generateActionsToTake Finishing
54 silly diffTrees action count 1
55 silly diffTrees add ios-deploy@1.8.2
56 silly decomposeActions action count 8
57 silly decomposeActions fetch ios-deploy@1.8.2
58 silly decomposeActions extract ios-deploy@1.8.2
59 silly decomposeActions preinstall ios-deploy@1.8.2
60 silly decomposeActions build ios-deploy@1.8.2
61 silly decomposeActions install ios-deploy@1.8.2
62 silly decomposeActions postinstall ios-deploy@1.8.2
63 silly decomposeActions test ios-deploy@1.8.2
64 silly decomposeActions finalize ios-deploy@1.8.2
65 silly executeActions Starting
66 silly install executeActions
67 silly doSerial global-install 0
68 silly doParallel fetch 1
69 verbose lock using /Users/patrickcremin/.npm/_locks/staging-e64db2bde5f86a77.lock for /Users/patrickcremin/.nvm/versions/node/v4.0.0/lib/node_modules/.staging
70 silly doParallel extract 1
71 silly extract ios-deploy@1.8.2
72 verbose unbuild lib/node_modules/.staging/ios-deploy-028727d744ea8a9f7d71f67e4e899460
73 silly gentlyRm /Users/patrickcremin/.nvm/versions/node/v4.0.0/lib/node_modules/.staging/ios-deploy-028727d744ea8a9f7d71f67e4e899460 is being purged from base /Users/patrickcremin/.nvm/versions/node/v4.0.0
74 verbose gentlyRm don't care about contents; nuking /Users/patrickcremin/.nvm/versions/node/v4.0.0/lib/node_modules/.staging/ios-deploy-028727d744ea8a9f7d71f67e4e899460
75 verbose tar unpack /Users/patrickcremin/.npm/ios-deploy/1.8.2/package.tgz
76 verbose tar unpacking to /Users/patrickcremin/.nvm/versions/node/v4.0.0/lib/node_modules/.staging/ios-deploy-028727d744ea8a9f7d71f67e4e899460
77 silly gentlyRm /Users/patrickcremin/.nvm/versions/node/v4.0.0/lib/node_modules/.staging/ios-deploy-028727d744ea8a9f7d71f67e4e899460 is being purged
78 verbose gentlyRm don't care about contents; nuking /Users/patrickcremin/.nvm/versions/node/v4.0.0/lib/node_modules/.staging/ios-deploy-028727d744ea8a9f7d71f67e4e899460
79 silly gunzTarPerm modes [ '755', '644' ]
80 silly gunzTarPerm extractEntry package.json
81 silly gunzTarPerm extractEntry .npmignore
82 silly gunzTarPerm extractEntry README.md
83 silly gunzTarPerm extractEntry LICENSE
84 silly gunzTarPerm extractEntry CONTRIBUTING.md
85 silly gunzTarPerm extractEntry demo/.npmignore
86 silly gunzTarPerm extractEntry demo/Entitlements.plist
87 silly gunzTarPerm extractEntry demo/Info.plist
88 silly gunzTarPerm extractEntry demo/Makefile
89 silly gunzTarPerm extractEntry demo/ResourceRules.plist
90 silly gunzTarPerm extractEntry demo/demo.c
91 silly gunzTarPerm extractEntry ios-deploy.xcodeproj/project.pbxproj
92 silly gunzTarPerm extractEntry src/check_reqs.js
93 silly gunzTarPerm extractEntry src/MobileDevice.h
94 silly gunzTarPerm extractEntry src/errors.h
95 silly gunzTarPerm extractEntry src/ios-deploy.c
96 silly doParallel preinstall 1
97 silly preinstall ios-deploy@1.8.2 /Users/patrickcremin/.nvm/versions/node/v4.0.0/lib/node_modules/.staging/ios-deploy-028727d744ea8a9f7d71f67e4e899460
98 info lifecycle ios-deploy@1.8.2~preinstall: ios-deploy@1.8.2
99 warn lifecycle ios-deploy@1.8.2~preinstall: cannot run in wd %s %s (wd=%s) ios-deploy@1.8.2 ./src/check_reqs.js && xcodebuild /Users/patrickcremin/.nvm/versions/node/v4.0.0/lib/node_modules/.staging/ios-deploy-028727d744ea8a9f7d71f67e4e899460
100 silly doReverseSerial remove 0
101 silly doSerial move 0
102 silly doSerial finalize 1
103 silly finalize /Users/patrickcremin/.nvm/versions/node/v4.0.0/lib/node_modules/ios-deploy
104 silly doSerial build 1
105 silly build ios-deploy@1.8.2
106 info linkStuff ios-deploy@1.8.2
107 silly linkStuff ios-deploy@1.8.2 has /Users/patrickcremin/.nvm/versions/node/v4.0.0/lib/node_modules as its parent node_modules
108 silly linkStuff ios-deploy@1.8.2 is part of a global install
109 silly linkStuff ios-deploy@1.8.2 is installed into a global node_modules
110 silly linkStuff ios-deploy@1.8.2 is installed into the top-level global node_modules
111 verbose linkBins ios-deploy@1.8.2
112 verbose link bins [ { 'ios-deploy': './build/Release/ios-deploy' },
112 verbose link bins   '/Users/patrickcremin/.nvm/versions/node/v4.0.0/bin',
112 verbose link bins   true ]
113 verbose linkMans ios-deploy@1.8.2
114 verbose unlock done using /Users/patrickcremin/.npm/_locks/staging-e64db2bde5f86a77.lock for /Users/patrickcremin/.nvm/versions/node/v4.0.0/lib/node_modules/.staging
115 silly rollbackFailedOptional Starting
116 silly rollbackFailedOptional Finishing
117 silly runTopLevelLifecycles Starting
118 silly runTopLevelLifecycles Finishing
119 silly install printInstalled
120 verbose stack Error: ENOENT: no such file or directory, chmod '/Users/patrickcremin/.nvm/versions/node/v4.0.0/lib/node_modules/ios-deploy/build/Release/ios-deploy'
120 verbose stack     at Error (native)
121 verbose cwd /Users/patrickcremin/repo/IonicWatsonDemo
122 error Darwin 15.0.0
123 error argv "/Users/patrickcremin/.nvm/versions/node/v4.0.0/bin/node" "/Users/patrickcremin/.nvm/versions/node/v4.0.0/bin/npm" "install" "-g" "ios-deploy"
124 error node v4.0.0
125 error npm  v3.3.10
126 error path /Users/patrickcremin/.nvm/versions/node/v4.0.0/lib/node_modules/ios-deploy/build/Release/ios-deploy
127 error code ENOENT
128 error errno -2
129 error syscall chmod
130 error enoent ENOENT: no such file or directory, chmod '/Users/patrickcremin/.nvm/versions/node/v4.0.0/lib/node_modules/ios-deploy/build/Release/ios-deploy'
130 error enoent This is most likely not a problem with npm itself
130 error enoent and is related to npm not being able to find a file.
131 verbose exit [ -2, true ]
